04-Mar-2023 09:48:08.154 INFO [main] org.apache.catalina.core.ApplicationContext.log ContextListener: contextInitialized()
04-Mar-2023 09:48:08.155 INFO [main] org.apache.catalina.core.ApplicationContext.log SessionListener: contextInitialized()
04-Mar-2023 09:48:08.156 INFO [main] org.apache.catalina.core.ApplicationContext.log ContextListener: attributeAdded('StockTicker', 'async.Stockticker@5aa360ea')
04-Mar-2023 09:48:17.940 INFO [main] org.apache.catalina.core.ApplicationContext.log ContextListener: contextInitialized()
04-Mar-2023 09:48:17.940 INFO [main] org.apache.catalina.core.ApplicationContext.log SessionListener: contextInitialized()
04-Mar-2023 09:48:17.941 INFO [main] org.apache.catalina.core.ApplicationContext.log ContextListener: attributeAdded('StockTicker', 'async.Stockticker@13c612bd')
04-Mar-2023 09:48:18.022 INFO [main] org.apache.catalina.core.ApplicationContext.log SessionListener: contextDestroyed()
04-Mar-2023 09:48:18.022 INFO [main] org.apache.catalina.core.ApplicationContext.log ContextListener: contextDestroyed()
04-Mar-2023 09:48:29.072 INFO [main] org.apache.catalina.core.ApplicationContext.log ContextListener: contextInitialized()
04-Mar-2023 09:48:29.072 INFO [main] org.apache.catalina.core.ApplicationContext.log SessionListener: contextInitialized()
04-Mar-2023 09:48:29.073 INFO [main] org.apache.catalina.core.ApplicationContext.log ContextListener: attributeAdded('StockTicker', 'async.Stockticker@3d526ad9')
04-Mar-2023 09:48:29.161 INFO [main] org.apache.catalina.core.ApplicationContext.log SessionListener: contextDestroyed()
04-Mar-2023 09:48:29.161 INFO [main] org.apache.catalina.core.ApplicationContext.log ContextListener: contextDestroyed()
04-Mar-2023 09:48:39.723 INFO [main] org.apache.catalina.core.ApplicationContext.log ContextListener: contextInitialized()
04-Mar-2023 09:48:39.723 INFO [main] org.apache.catalina.core.ApplicationContext.log SessionListener: contextInitialized()
04-Mar-2023 09:48:39.725 INFO [main] org.apache.catalina.core.ApplicationContext.log ContextListener: attributeAdded('StockTicker', 'async.Stockticker@11963225')
04-Mar-2023 09:48:39.814 INFO [main] org.apache.catalina.core.ApplicationContext.log SessionListener: contextDestroyed()
04-Mar-2023 09:48:39.814 INFO [main] org.apache.catalina.core.ApplicationContext.log ContextListener: contextDestroyed()
04-Mar-2023 09:48:46.712 INFO [main] org.apache.catalina.core.ApplicationContext.log ContextListener: contextInitialized()
04-Mar-2023 09:48:46.713 INFO [main] org.apache.catalina.core.ApplicationContext.log SessionListener: contextInitialized()
04-Mar-2023 09:48:46.714 INFO [main] org.apache.catalina.core.ApplicationContext.log ContextListener: attributeAdded('StockTicker', 'async.Stockticker@50b0bc4c')
04-Mar-2023 09:48:46.789 INFO [main] org.apache.catalina.core.ApplicationContext.log SessionListener: contextDestroyed()
04-Mar-2023 09:48:46.789 INFO [main] org.apache.catalina.core.ApplicationContext.log ContextListener: contextDestroyed()
04-Mar-2023 09:49:43.987 INFO [main] org.apache.catalina.core.ApplicationContext.log ContextListener: contextInitialized()
04-Mar-2023 09:49:43.987 INFO [main] org.apache.catalina.core.ApplicationContext.log SessionListener: contextInitialized()
04-Mar-2023 09:49:43.988 INFO [main] org.apache.catalina.core.ApplicationContext.log ContextListener: attributeAdded('StockTicker', 'async.Stockticker@41de5768')
04-Mar-2023 09:49:44.065 INFO [main] org.apache.catalina.core.ApplicationContext.log SessionListener: contextDestroyed()
04-Mar-2023 09:49:44.065 INFO [main] org.apache.catalina.core.ApplicationContext.log ContextListener: contextDestroyed()
04-Mar-2023 09:49:46.333 INFO [main] org.apache.catalina.core.ApplicationContext.log ContextListener: contextInitialized()
04-Mar-2023 09:49:46.333 INFO [main] org.apache.catalina.core.ApplicationContext.log SessionListener: contextInitialized()
04-Mar-2023 09:49:46.334 INFO [main] org.apache.catalina.core.ApplicationContext.log ContextListener: attributeAdded('StockTicker', 'async.Stockticker@3f3c966c')
04-Mar-2023 09:49:46.423 INFO [main] org.apache.catalina.core.ApplicationContext.log SessionListener: contextDestroyed()
04-Mar-2023 09:49:46.423 INFO [main] org.apache.catalina.core.ApplicationContext.log ContextListener: contextDestroyed()
04-Mar-2023 09:50:16.549 INFO [main] org.apache.catalina.core.ApplicationContext.log ContextListener: contextInitialized()
04-Mar-2023 09:50:16.549 INFO [main] org.apache.catalina.core.ApplicationContext.log SessionListener: contextInitialized()
04-Mar-2023 09:50:16.550 INFO [main] org.apache.catalina.core.ApplicationContext.log ContextListener: attributeAdded('StockTicker', 'async.Stockticker@11963225')
04-Mar-2023 09:50:16.639 INFO [main] org.apache.catalina.core.ApplicationContext.log SessionListener: contextDestroyed()
04-Mar-2023 09:50:16.639 INFO [main] org.apache.catalina.core.ApplicationContext.log ContextListener: contextDestroyed()
04-Mar-2023 09:51:34.014 INFO [main] org.apache.catalina.core.ApplicationContext.log SessionListener: contextDestroyed()
04-Mar-2023 09:51:34.014 INFO [main] org.apache.catalina.core.ApplicationContext.log ContextListener: contextDestroyed()
04-Mar-2023 09:51:42.709 INFO [main] org.apache.catalina.core.ApplicationContext.log ContextListener: contextInitialized()
04-Mar-2023 09:51:42.710 INFO [main] org.apache.catalina.core.ApplicationContext.log SessionListener: contextInitialized()
04-Mar-2023 09:51:42.711 INFO [main] org.apache.catalina.core.ApplicationContext.log ContextListener: attributeAdded('StockTicker', 'async.Stockticker@5fd9b663')
